ID Empleado: 15
Fecha Inicio: 2025-06-05
Fecha Final: 2025-06-26
ID Empleado: 3
Fecha Inicio: 2025-06-05
Fecha Final: 2025-06-26
ID Empleado: 11
Fecha Inicio: 2025-06-01
Fecha Final: 2025-06-10
ID Empleado: 15
Fecha Inicio: 2025-06-01
Fecha Final: 2025-06-03
ID Empleado: 2
Fecha Inicio: 2025-06-16
Fecha Final: 2025-06-20
ID Empleado: 15
Fecha Inicio: 2025-06-15
Fecha Final: 2025-06-16
ID Empleado: 15
Fecha Hora Inicio: 2025-06-15 12:03
Fecha Hora Final: 2025-06-16 13:03
ID Empleado: 15
Fecha Inicio: 2025-06-13
Fecha Final: 2025-06-18
ID Empleado: 15
Fecha Hora Inicio: 2025-06-13 15:49
Fecha Hora Final: 2025-06-18 03:49
ID Empleado: 15
Fecha Inicio: 2025-06-13
Fecha Final: 2025-07-03
ID Empleado: 15
Fecha Hora Inicio: 2025-06-13 18:04
Fecha Hora Final: 2025-07-03 04:04
ID Empleado: 15
Fecha Inicio: 2025-06-11
Fecha Final: 2025-06-20
ID Empleado: 15
Fecha Hora Inicio: 2025-06-11 16:44
Fecha Hora Final: 2025-06-20 16:44
ID Empleado: 15
Fecha Inicio: 2025-06-11
Fecha Final: 2025-06-13
ID Empleado: 15
Fecha Hora Inicio: 2025-06-11 22:52
Fecha Hora Final: 2025-06-13 13:53
